src/app/cesantias/page.tsx(177,18): error TS2769: No overload matches this call.
  Overload 1 of 2, '(values: never, options?: { count?: "exact" | "planned" | "estimated" | undefined; } | undefined): PostgrestFilterBuilder<{ PostgrestVersion: "12"; }, never, never, null, any, never, "POST">', gave the following error.
    Argument of type '{ cedula: any; nombre: any; correo: any; tipoDeCesantias: string; valor: string; motivo: string; created: string; aprobacionTHT: string; EntregoSoporteDePago: boolean; soporte: string[]; }' is not assignable to parameter of type 'never'.
  Overload 2 of 2, '(values: never[], options?: { count?: "exact" | "planned" | "estimated" | undefined; defaultToNull?: boolean | undefined; } | undefined): PostgrestFilterBuilder<{ PostgrestVersion: "12"; }, never, never, null, any, never, "POST">', gave the following error.
    Object literal may only specify known properties, and 'cedula' does not exist in type 'never[]'.
src/components/Cesantias/SolicitudDetalle.tsx(80,25): error TS2345: Argument of type '{ EntregoSoporteDePago: boolean; soporteRetiro: any; aprobacionTHT: string; }' is not assignable to parameter of type 'never'.
